Starting AssetCooker...
Argument '--shaders' has been deprecated and is no longer used.
Opened output file: C:\Users\24395\Documents\My Games\Sid Meier's Civilization VI\Mods\Sutures\ArtDefs/Landmarks.artdef
Cooking ArtDef: (Eras.artdef).
Cooking ArtDef: (Cultures.artdef).
Cooking ArtDef: (CityGenerators.artdef).
Cooking ArtDef: (Appeal.artdef).
Cooking ArtDef: (StrategicView.artdef).
Cooking ArtDef: (Buildings.artdef).
Cooking ArtDef: (Landmarks.artdef).
 >> Landmarks.artdef >> Districts >> DISTRICT_THEATER >> BaseVariants >> 02CRenaissance,w/Amphitheater,NatHist Museum >> Set_HeroBuildings references an ArtDef Collection (BuildingSets) that does not exist in ArtDef (Landmarks.artdef).
 >> Landmarks.artdef >> Districts >> DISTRICT_THEATER >> BaseVariants >> 02CRenaissance,w/Amphitheater,NatHist Museum >> Set_HeroBuildings has had its value replaced with its default value.

 >> Landmarks.artdef >> Districts >> DISTRICT_THEATER >> BaseVariants >> 03Industrial,w/Amphitheater,NatHist Museum >> Set_HeroBuildings references an ArtDef Collection (BuildingSets) that does not exist in ArtDef (Landmarks.artdef).
 >> Landmarks.artdef >> Districts >> DISTRICT_THEATER >> BaseVariants >> 03Industrial,w/Amphitheater,NatHist Museum >> Set_HeroBuildings has had its value replaced with its default value.

 >> Landmarks.artdef >> Districts >> DISTRICT_THEATER >> BaseVariants >> 04AModern,w/Amphitheater,NatHist Museum >> Set_HeroBuildings references an ArtDef Collection (BuildingSets) that does not exist in ArtDef (Landmarks.artdef).
 >> Landmarks.artdef >> Districts >> DISTRICT_THEATER >> BaseVariants >> 04AModern,w/Amphitheater,NatHist Museum >> Set_HeroBuildings has had its value replaced with its default value.

 >> Landmarks.artdef >> Districts >> DISTRICT_THEATER >> BaseVariants >> 04AModern,w/Amphitheater,NatHist Museum,Broadcast Center >> Set_HeroBuildings references an ArtDef Collection (BuildingSets) that does not exist in ArtDef (Landmarks.artdef).
 >> Landmarks.artdef >> Districts >> DISTRICT_THEATER >> BaseVariants >> 04AModern,w/Amphitheater,NatHist Museum,Broadcast Center >> Set_HeroBuildings has had its value replaced with its default value.

 >> Landmarks.artdef >> Districts >> DISTRICT_THEATER >> BaseVariants >> America-04AModern,w/Amphitheater,NatHist Museum,Film Studio >> Set_HeroBuildings references an ArtDef Collection (BuildingSets) that does not exist in ArtDef (Landmarks.artdef).
 >> Landmarks.artdef >> Districts >> DISTRICT_THEATER >> BaseVariants >> America-04AModern,w/Amphitheater,NatHist Museum,Film Studio >> Set_HeroBuildings has had its value replaced with its default value.

 >> Landmarks.artdef >> Districts >> DISTRICT_INDUSTRIAL_ZONE >> BaseVariants >> Electronics Factory w/ Fossil Fuel Plant >> Set_HeroBuildings references an ArtDef Collection (BuildingSets) that does not exist in ArtDef (Landmarks.artdef).
 >> Landmarks.artdef >> Districts >> DISTRICT_INDUSTRIAL_ZONE >> BaseVariants >> Electronics Factory w/ Fossil Fuel Plant >> Set_HeroBuildings has had its value replaced with its default value.

 >> Landmarks.artdef >> Districts >> DISTRICT_INDUSTRIAL_ZONE >> BaseVariants >> Electronics Factory w/Coal Plant >> Set_HeroBuildings references an ArtDef Collection (BuildingSets) that does not exist in ArtDef (Landmarks.artdef).
 >> Landmarks.artdef >> Districts >> DISTRICT_INDUSTRIAL_ZONE >> BaseVariants >> Electronics Factory w/Coal Plant >> Set_HeroBuildings has had its value replaced with its default value.

Cook finished for ArtDef at Path: 'Landmarks.artdef' with Template: 'Landmarks'
ArtDef cook completed.
Opened output file: C:/Users/24395/Documents/My Games/Sid Meier's Civilization VI/Mods/Sutures/Sutures.dep    For project Sutures
Cook completed in 1.244 seconds